[2019-05-05 23:01:39,739] TRACE [Controller 0]: checking need to trigger partition rebalance (kafka.controller.KafkaController)
[2019-05-05 23:01:39,740] DEBUG [Controller 0]: preferred replicas by broker Map() (kafka.controller.KafkaController)
[2019-05-05 23:02:23,221] DEBUG [TopicChangeListener on Controller 0]: Topic change listener fired for path /brokers/topics with children twitterStream (kafka.controller.PartitionStateMachine$TopicChangeListener)
[2019-05-05 23:02:23,230] INFO [TopicChangeListener on Controller 0]: New topics: [Set(twitterStream)], deleted topics: [Set()], new partition replica assignment [Map([twitterStream,0] -> List(0))] (kafka.controller.PartitionStateMachine$TopicChangeListener)
[2019-05-05 23:02:23,231] INFO [Controller 0]: New topic creation callback for [twitterStream,0] (kafka.controller.KafkaController)
[2019-05-05 23:02:23,233] INFO [Controller 0]: New partition creation callback for [twitterStream,0] (kafka.controller.KafkaController)
[2019-05-05 23:02:23,233] INFO [Partition state machine on Controller 0]: Invoking state change to NewPartition for partitions [twitterStream,0] (kafka.controller.PartitionStateMachine)
[2019-05-05 23:02:23,237] INFO [Replica state machine on controller 0]: Invoking state change to NewReplica for replicas [Topic=twitterStream,Partition=0,Replica=0] (kafka.controller.ReplicaStateMachine)
[2019-05-05 23:02:23,240] INFO [Partition state machine on Controller 0]: Invoking state change to OnlinePartition for partitions [twitterStream,0] (kafka.controller.PartitionStateMachine)
[2019-05-05 23:02:23,241] DEBUG [Partition state machine on Controller 0]: Live assigned replicas for partition [twitterStream,0] are: [List(0)] (kafka.controller.PartitionStateMachine)
[2019-05-05 23:02:23,243] DEBUG [Partition state machine on Controller 0]: Initializing leader and isr for partition [twitterStream,0] to (Leader:0,ISR:0,LeaderEpoch:0,ControllerEpoch:2) (kafka.controller.PartitionStateMachine)
[2019-05-05 23:02:23,262] INFO [Replica state machine on controller 0]: Invoking state change to OnlineReplica for replicas [Topic=twitterStream,Partition=0,Replica=0] (kafka.controller.ReplicaStateMachine)
[2019-05-05 23:06:39,739] TRACE [Controller 0]: checking need to trigger partition rebalance (kafka.controller.KafkaController)
[2019-05-05 23:06:39,740] DEBUG [Controller 0]: preferred replicas by broker Map(0 -> Map([twitterStream,0] -> List(0))) (kafka.controller.KafkaController)
[2019-05-05 23:06:39,742] DEBUG [Controller 0]: topics not in preferred replica Map() (kafka.controller.KafkaController)
[2019-05-05 23:06:39,743] TRACE [Controller 0]: leader imbalance ratio for broker 0 is 0.000000 (kafka.controller.KafkaController)
[2019-05-05 23:11:39,739] TRACE [Controller 0]: checking need to trigger partition rebalance (kafka.controller.KafkaController)
[2019-05-05 23:11:39,739] DEBUG [Controller 0]: preferred replicas by broker Map(0 -> Map([twitterStream,0] -> List(0))) (kafka.controller.KafkaController)
[2019-05-05 23:11:39,740] DEBUG [Controller 0]: topics not in preferred replica Map() (kafka.controller.KafkaController)
[2019-05-05 23:11:39,740] TRACE [Controller 0]: leader imbalance ratio for broker 0 is 0.000000 (kafka.controller.KafkaController)
[2019-05-05 23:15:56,209] INFO [Controller 0]: Shutting down broker 0 (kafka.controller.KafkaController)
[2019-05-05 23:15:56,210] DEBUG [Controller 0]: All shutting down brokers: 0 (kafka.controller.KafkaController)
[2019-05-05 23:15:56,211] DEBUG [Controller 0]: Live brokers:  (kafka.controller.KafkaController)
[2019-05-05 23:15:56,213] TRACE [Controller 0]: All leaders = [twitterStream,0] -> (Leader:0,ISR:0,LeaderEpoch:0,ControllerEpoch:2) (kafka.controller.KafkaController)
[2019-05-05 23:15:58,649] DEBUG [Controller 0]: Controller resigning, broker id 0 (kafka.controller.KafkaController)
[2019-05-05 23:15:58,650] DEBUG [Controller 0]: De-registering IsrChangeNotificationListener (kafka.controller.KafkaController)
[2019-05-05 23:15:58,651] INFO [Partition state machine on Controller 0]: Stopped partition state machine (kafka.controller.PartitionStateMachine)
[2019-05-05 23:15:58,652] INFO [Replica state machine on controller 0]: Stopped replica state machine (kafka.controller.ReplicaStateMachine)
[2019-05-05 23:15:58,653] INFO [Controller-0-to-broker-0-send-thread], Shutting down (kafka.controller.RequestSendThread)
[2019-05-05 23:15:58,653] INFO [Controller-0-to-broker-0-send-thread], Stopped  (kafka.controller.RequestSendThread)
[2019-05-05 23:15:58,653] INFO [Controller-0-to-broker-0-send-thread], Shutdown completed (kafka.controller.RequestSendThread)
[2019-05-05 23:15:58,653] INFO [Controller 0]: Broker 0 resigned as the controller (kafka.controller.KafkaController)
