[2019-05-05 23:02:23,273] INFO [ReplicaFetcherManager on broker 0] Removed fetcher for partitions [twitterStream,0] (kafka.server.ReplicaFetcherManager)
[2019-05-05 23:02:23,335] INFO Completed load of log twitterStream-0 with log end offset 0 (kafka.log.Log)
[2019-05-05 23:02:23,338] INFO Created log for partition [twitterStream,0] in /tmp/kafka-logs with properties {compression.type -> producer, message.format.version -> 0.10.0-IV1, file.delete.delay.ms -> 60000, max.message.bytes -> 1000012, message.timestamp.type -> CreateTime, min.insync.replicas -> 1, segment.jitter.ms -> 0, preallocate -> false, min.cleanable.dirty.ratio -> 0.5, index.interval.bytes -> 4096, unclean.leader.election.enable -> true, retention.bytes -> -1, delete.retention.ms -> 86400000, cleanup.policy -> delete, flush.ms -> 9223372036854775807, segment.ms -> 604800000, segment.bytes -> 1073741824, retention.ms -> 604800000, message.timestamp.difference.max.ms -> 9223372036854775807, segment.index.bytes -> 10485760, flush.messages -> 9223372036854775807}. (kafka.log.LogManager)
[2019-05-05 23:02:23,338] INFO Partition [twitterStream,0] on broker 0: No checkpointed highwatermark is found for partition [twitterStream,0] (kafka.cluster.Partition)
[2019-05-05 23:06:34,752] INFO [Group Metadata Manager on Broker 0]: Removed 0 expired offsets in 0 milliseconds. (kafka.coordinator.GroupMetadataManager)
[2019-05-05 23:15:56,190] INFO [Kafka Server 0], shutting down (kafka.server.KafkaServer)
[2019-05-05 23:15:56,191] INFO [Kafka Server 0], Starting controlled shutdown (kafka.server.KafkaServer)
[2019-05-05 23:15:56,217] INFO [Kafka Server 0], Controlled shutdown succeeded (kafka.server.KafkaServer)
[2019-05-05 23:15:56,218] INFO [Socket Server on Broker 0], Shutting down (kafka.network.SocketServer)
[2019-05-05 23:15:56,224] INFO [Socket Server on Broker 0], Shutdown completed (kafka.network.SocketServer)
[2019-05-05 23:15:56,225] INFO [Kafka Request Handler on Broker 0], shutting down (kafka.server.KafkaRequestHandlerPool)
[2019-05-05 23:15:56,227] INFO [Kafka Request Handler on Broker 0], shut down completely (kafka.server.KafkaRequestHandlerPool)
[2019-05-05 23:15:56,230] INFO [ThrottledRequestReaper-Produce], Shutting down (kafka.server.ClientQuotaManager$ThrottledRequestReaper)
[2019-05-05 23:15:56,958] INFO [ThrottledRequestReaper-Produce], Shutdown completed (kafka.server.ClientQuotaManager$ThrottledRequestReaper)
[2019-05-05 23:15:56,958] INFO [ThrottledRequestReaper-Produce], Stopped  (kafka.server.ClientQuotaManager$ThrottledRequestReaper)
[2019-05-05 23:15:56,958] INFO [ThrottledRequestReaper-Fetch], Shutting down (kafka.server.ClientQuotaManager$ThrottledRequestReaper)
[2019-05-05 23:15:57,957] INFO [ThrottledRequestReaper-Fetch], Stopped  (kafka.server.ClientQuotaManager$ThrottledRequestReaper)
[2019-05-05 23:15:57,957] INFO [ThrottledRequestReaper-Fetch], Shutdown completed (kafka.server.ClientQuotaManager$ThrottledRequestReaper)
[2019-05-05 23:15:57,958] INFO [KafkaApi-0] Shutdown complete. (kafka.server.KafkaApis)
[2019-05-05 23:15:57,959] INFO [Replica Manager on Broker 0]: Shutting down (kafka.server.ReplicaManager)
[2019-05-05 23:15:57,960] INFO [ReplicaFetcherManager on broker 0] shutting down (kafka.server.ReplicaFetcherManager)
[2019-05-05 23:15:57,961] INFO [ReplicaFetcherManager on broker 0] shutdown completed (kafka.server.ReplicaFetcherManager)
[2019-05-05 23:15:57,961] INFO [ExpirationReaper-0], Shutting down (kafka.server.DelayedOperationPurgatory$ExpiredOperationReaper)
[2019-05-05 23:15:58,118] INFO [ExpirationReaper-0], Stopped  (kafka.server.DelayedOperationPurgatory$ExpiredOperationReaper)
[2019-05-05 23:15:58,118] INFO [ExpirationReaper-0], Shutdown completed (kafka.server.DelayedOperationPurgatory$ExpiredOperationReaper)
[2019-05-05 23:15:58,118] INFO [ExpirationReaper-0], Shutting down (kafka.server.DelayedOperationPurgatory$ExpiredOperationReaper)
[2019-05-05 23:15:58,318] INFO [ExpirationReaper-0], Stopped  (kafka.server.DelayedOperationPurgatory$ExpiredOperationReaper)
[2019-05-05 23:15:58,318] INFO [ExpirationReaper-0], Shutdown completed (kafka.server.DelayedOperationPurgatory$ExpiredOperationReaper)
[2019-05-05 23:15:58,322] INFO [Replica Manager on Broker 0]: Shut down completely (kafka.server.ReplicaManager)
[2019-05-05 23:15:58,323] INFO Shutting down. (kafka.log.LogManager)
[2019-05-05 23:15:58,385] INFO Shutdown complete. (kafka.log.LogManager)
[2019-05-05 23:15:58,386] INFO [GroupCoordinator 0]: Shutting down. (kafka.coordinator.GroupCoordinator)
[2019-05-05 23:15:58,387] INFO [ExpirationReaper-0], Shutting down (kafka.server.DelayedOperationPurgatory$ExpiredOperationReaper)
[2019-05-05 23:15:58,447] INFO [ExpirationReaper-0], Stopped  (kafka.server.DelayedOperationPurgatory$ExpiredOperationReaper)
[2019-05-05 23:15:58,447] INFO [ExpirationReaper-0], Shutdown completed (kafka.server.DelayedOperationPurgatory$ExpiredOperationReaper)
[2019-05-05 23:15:58,447] INFO [ExpirationReaper-0], Shutting down (kafka.server.DelayedOperationPurgatory$ExpiredOperationReaper)
[2019-05-05 23:15:58,647] INFO [ExpirationReaper-0], Stopped  (kafka.server.DelayedOperationPurgatory$ExpiredOperationReaper)
[2019-05-05 23:15:58,647] INFO [ExpirationReaper-0], Shutdown completed (kafka.server.DelayedOperationPurgatory$ExpiredOperationReaper)
[2019-05-05 23:15:58,648] INFO [GroupCoordinator 0]: Shutdown complete. (kafka.coordinator.GroupCoordinator)
[2019-05-05 23:15:58,659] INFO [Kafka Server 0], shut down completed (kafka.server.KafkaServer)
